Using pre-set license
Built from '2020.2/release' branch; Version is '2020.2.2f1 (068178b99f32) revision 426360'; Using compiler version '192528614'; Build Type 'Release'
OS: 'Windows 10 Home; OS build 19041.746; Version 2004; 64bit' Language: 'en' Physical Memory: 32678 MB
BatchMode: 1, IsHumanControllingUs: 0, StartBugReporterOnCrash: 0, Is64bit: 1, IsPro: 0

 COMMAND LINE ARGUMENTS:
C:\Program Files\Unity\Hub\Editor\2020.2.2f1\Editor\Unity.exe
-adb2
-batchMode
-noUpm
-name
AssetImportWorker0
-projectPath
E:/Unity Projects/VR/DEMO/Trapped/VR_Trapped_Demo
-logFile
Logs/AssetImportWorker0.log
-srvPort
55229
Successfully changed project path to: E:/Unity Projects/VR/DEMO/Trapped/VR_Trapped_Demo
E:/Unity Projects/VR/DEMO/Trapped/VR_Trapped_Demo
Using Asset Import Pipeline V2.
Refreshing native plugins compatible for Editor in 64.74 ms, found 7 plugins.
Preloading 1 native plugins for Editor in 0.84 ms.
Initialize engine version: 2020.2.2f1 (068178b99f32)
[Subsystems] Discovering subsystems at path C:/Program Files/Unity/Hub/Editor/2020.2.2f1/Editor/Data/Resources/UnitySubsystems
[Subsystems] Discovering subsystems at path E:/Unity Projects/VR/DEMO/Trapped/VR_Trapped_Demo/Assets
GfxDevice: creating device client; threaded=0
Direct3D:
    Version:  Direct3D 11.0 [level 11.1]
    Renderer: NVIDIA GeForce GTX 1080 (ID=0x1b80)
    Vendor:   
    VRAM:     7988 MB
    Driver:   27.21.14.5671
Initialize mono
Mono path[0] = 'C:/Program Files/Unity/Hub/Editor/2020.2.2f1/Editor/Data/Managed'
Mono path[1] = 'C:/Program Files/Unity/Hub/Editor/2020.2.2f1/Editor/Data/MonoBleedingEdge/lib/mono/unityjit'
Mono config path = 'C:/Program Files/Unity/Hub/Editor/2020.2.2f1/Editor/Data/MonoBleedingEdge/etc'
Using monoOptions --debugger-agent=transport=dt_socket,embedding=1,server=y,suspend=n,address=127.0.0.1:56676
Begin MonoManager ReloadAssembly
Registering precompiled unity dll's ...
Register platform support module: C:/Program Files/Unity/Hub/Editor/2020.2.2f1/Editor/Data/PlaybackEngines/WebGLSupport/UnityEditor.WebGL.Extensions.dll
Register platform support module: C:/Program Files/Unity/Hub/Editor/2020.2.2f1/Editor/Data/PlaybackEngines/WindowsStandaloneSupport/UnityEditor.WindowsStandalone.Extensions.dll
Registered in 0.003391 seconds.
Native extension for WindowsStandalone target not found
Native extension for WebGL target not found
Refreshing native plugins compatible for Editor in 56.29 ms, found 7 plugins.
Preloading 1 native plugins for Editor in 0.06 ms.
Invoked RoslynAnalysisRunner static constructor.
RoslynAnalysisRunner will not be running.
RoslynAnalysisRunner has terminated.
Mono: successfully reloaded assembly
- Completed reload, in  2.401 seconds
Platform modules already initialized, skipping
Registering precompiled user dll's ...
Registered in 0.003566 seconds.
Begin MonoManager ReloadAssembly
Native extension for WindowsStandalone target not found
Native extension for WebGL target not found
Refreshing native plugins compatible for Editor in 56.36 ms, found 7 plugins.
Preloading 1 native plugins for Editor in 0.06 ms.
Invoked RoslynAnalysisRunner static constructor.
RoslynAnalysisRunner will not be running.
RoslynAnalysisRunner has terminated.
[XR] OculusXRPlugin: registering subsystems
[XR] Unable to register display lifecyle provider: [1]
[XR] Oculus Input lifecycle provider registered.
[XR] Unable to register input lifecyle provider: [1]
NullReferenceException: Object reference not set to an instance of an object
  at Unity.XR.Oculus.OculusLoader.AssetPathToAbsolutePath (System.String assetPath) [0x00048] in E:\Unity Projects\VR\DEMO\Trapped\VR_Trapped_Demo\Library\PackageCache\com.unity.xr.oculus@1.6.1\Runtime\OculusLoader.cs:242 
  at Unity.XR.Oculus.OculusLoader.EditorLoadOVRPlugin () [0x0007b] in E:\Unity Projects\VR\DEMO\Trapped\VR_Trapped_Demo\Library\PackageCache\com.unity.xr.oculus@1.6.1\Runtime\OculusLoader.cs:227 

(Filename: Library/PackageCache/com.unity.xr.oculus@1.6.1/Runtime/OculusLoader.cs Line: 242)

Mono: successfully reloaded assembly
- Completed reload, in  1.337 seconds
Platform modules already initialized, skipping
========================================================================
Worker process is ready to serve import requests
Launched and connected shader compiler UnityShaderCompiler.exe after 0.05 seconds
Refreshing native plugins compatible for Editor in 0.76 ms, found 7 plugins.
Preloading 1 native plugins for Editor in 0.06 ms.
Unloading 3028 Unused Serialized files (Serialized files now loaded: 0)
System memory in use before: 127.0 MB.
System memory in use after: 127.0 MB.

Unloading 124 unused Assets to reduce memory usage. Loaded Objects now: 3458.
Total: 4.104500 ms (FindLiveObjects: 0.437800 ms CreateObjectMapping: 0.160000 ms MarkObjects: 3.228300 ms  DeleteObjects: 0.277200 ms)

========================================================================
Received Import Request.
  path: Assets/Samples/XR Interaction Toolkit/0.10.0-preview.7/Default Input Actions/XRI Default Input Actions.inputactions
  artifactKey: Guid(c348712bda248c246b8c49b3db54643f) Importer(815301076,1909f56bfc062723c751e8b465ee728b)
Start importing Assets/Samples/XR Interaction Toolkit/0.10.0-preview.7/Default Input Actions/XRI Default Input Actions.inputactions using Guid(c348712bda248c246b8c49b3db54643f) Importer(815301076,1909f56bfc062723c751e8b465ee728b)  -> (artifact id: '2cf44896e83d587121382a9aa6d27e9d') in 0.044786 seconds
  Import took 0.050123 seconds .

========================================================================
Received Import Request.
  Time since last request: 16.926620 seconds.
  path: Assets/Samples/XR Interaction Toolkit/0.10.0-preview.7/Default Input Actions/XRI Default Left Controller.preset
  artifactKey: Guid(ffd8268f7307a0c48a067dad4a8fe060) Importer(815301076,1909f56bfc062723c751e8b465ee728b)
Start importing Assets/Samples/XR Interaction Toolkit/0.10.0-preview.7/Default Input Actions/XRI Default Left Controller.preset using Guid(ffd8268f7307a0c48a067dad4a8fe060) Importer(815301076,1909f56bfc062723c751e8b465ee728b)  -> (artifact id: '98bd6f72f29ba9d7e95bf8448eebb0ac') in 0.012780 seconds
  Import took 0.018291 seconds .

========================================================================
Received Import Request.
  Time since last request: 3.514825 seconds.
  path: Assets/Samples/XR Interaction Toolkit/0.10.0-preview.7/Default Input Actions/XRI Default Right Controller.preset
  artifactKey: Guid(1421ad86ff3787b4dae70fe9e699a25f) Importer(815301076,1909f56bfc062723c751e8b465ee728b)
Start importing Assets/Samples/XR Interaction Toolkit/0.10.0-preview.7/Default Input Actions/XRI Default Right Controller.preset using Guid(1421ad86ff3787b4dae70fe9e699a25f) Importer(815301076,1909f56bfc062723c751e8b465ee728b)  -> (artifact id: '4b3f723d6baad3c6febce3a13c482af8') in 0.003457 seconds
  Import took 0.009144 seconds .

========================================================================
Received Import Request.
  Time since last request: 221.793501 seconds.
  path: Assets/__TRAPPED__/010_SCRIPTS
  artifactKey: Guid(fa1976114dde26c4d999c2a0fc98d7e8) Importer(815301076,1909f56bfc062723c751e8b465ee728b)
Start importing Assets/__TRAPPED__/010_SCRIPTS using Guid(fa1976114dde26c4d999c2a0fc98d7e8) Importer(815301076,1909f56bfc062723c751e8b465ee728b)  -> (artifact id: 'ae981fb13f58ad201574a264aa57595a') in 0.001543 seconds
  Import took 0.007259 seconds .

========================================================================
Received Import Request.
  Time since last request: 0.000684 seconds.
  path: Assets/__TRAPPED__/010_SCRIPTS
  artifactKey: Guid(fa1976114dde26c4d999c2a0fc98d7e8) Importer(815301076,1909f56bfc062723c751e8b465ee728b)
Start importing Assets/__TRAPPED__/010_SCRIPTS using Guid(fa1976114dde26c4d999c2a0fc98d7e8) Importer(815301076,1909f56bfc062723c751e8b465ee728b)  -> (artifact id: 'ae981fb13f58ad201574a264aa57595a') in 0.001261 seconds
  Import took 0.005871 seconds .

========================================================================
Received Prepare
Registering precompiled user dll's ...
Registered in 0.003399 seconds.
Begin MonoManager ReloadAssembly
Native extension for WindowsStandalone target not found
Native extension for WebGL target not found
Refreshing native plugins compatible for Editor in 0.80 ms, found 7 plugins.
Preloading 1 native plugins for Editor in 0.07 ms.
Warning: Annotation not found!
UnityEngine.StackTraceUtility:ExtractStackTrace ()
UnityEditor.ProBuilder.EditorUtility:SetGizmoIconEnabled (System.Type,bool) (at Library/PackageCache/com.unity.probuilder@4.4.0/Editor/EditorCore/EditorUtility.cs:593)
UnityEditor.ProBuilder.HierarchyListener:.cctor () (at Library/PackageCache/com.unity.probuilder@4.4.0/Editor/EditorCore/HierarchyListener.cs:21)
System.Runtime.CompilerServices.RuntimeHelpers:RunClassConstructor (System.RuntimeTypeHandle)
UnityEditor.EditorAssemblies:ProcessInitializeOnLoadAttributes (System.Type[])

[Library/PackageCache/com.unity.probuilder@4.4.0/Editor/EditorCore/EditorUtility.cs line 593]

Invoked RoslynAnalysisRunner static constructor.
RoslynAnalysisRunner will not be running.
RoslynAnalysisRunner has terminated.
NullReferenceException: Object reference not set to an instance of an object
  at Unity.XR.Oculus.OculusLoader.AssetPathToAbsolutePath (System.String assetPath) [0x00048] in E:\Unity Projects\VR\DEMO\Trapped\VR_Trapped_Demo\Library\PackageCache\com.unity.xr.oculus@1.6.1\Runtime\OculusLoader.cs:242 
  at Unity.XR.Oculus.OculusLoader.EditorLoadOVRPlugin () [0x0007b] in E:\Unity Projects\VR\DEMO\Trapped\VR_Trapped_Demo\Library\PackageCache\com.unity.xr.oculus@1.6.1\Runtime\OculusLoader.cs:227 

(Filename: Library/PackageCache/com.unity.xr.oculus@1.6.1/Runtime/OculusLoader.cs Line: 242)

Mono: successfully reloaded assembly
- Completed reload, in  1.116 seconds
Platform modules already initialized, skipping
Refreshing native plugins compatible for Editor in 0.79 ms, found 7 plugins.
Preloading 1 native plugins for Editor in 0.06 ms.
Unloading 2941 Unused Serialized files (Serialized files now loaded: 0)
System memory in use before: 121.5 MB.
System memory in use after: 121.7 MB.

Unloading 18 unused Assets to reduce memory usage. Loaded Objects now: 3462.
Total: 3.444400 ms (FindLiveObjects: 0.272100 ms CreateObjectMapping: 0.121600 ms MarkObjects: 2.959200 ms  DeleteObjects: 0.090500 ms)

========================================================================
Received Import Request.
  Time since last request: 147.102767 seconds.
  path: Assets/__TRAPPED__/010_SCRIPTS/NewBehaviourScript.cs
  artifactKey: Guid(49b5c66657c5ae24a9c3f88db1f16579) Importer(815301076,1909f56bfc062723c751e8b465ee728b)
Start importing Assets/__TRAPPED__/010_SCRIPTS/NewBehaviourScript.cs using Guid(49b5c66657c5ae24a9c3f88db1f16579) Importer(815301076,1909f56bfc062723c751e8b465ee728b)  -> (artifact id: '05cc210003379361f6fb633dbb0753a2') in 0.029236 seconds
  Import took 0.034426 seconds .

========================================================================
Received Import Request.
  Time since last request: 13.150053 seconds.
  path: Assets/__TRAPPED__/010_SCRIPTS/TestActionInput.cs
  artifactKey: Guid(49b5c66657c5ae24a9c3f88db1f16579) Importer(815301076,1909f56bfc062723c751e8b465ee728b)
Start importing Assets/__TRAPPED__/010_SCRIPTS/TestActionInput.cs using Guid(49b5c66657c5ae24a9c3f88db1f16579) Importer(815301076,1909f56bfc062723c751e8b465ee728b)  -> (artifact id: 'db1c4ffe47621984e05e9719da9fdd8f') in 0.001435 seconds
  Import took 0.007735 seconds .

========================================================================
Received Prepare
Registering precompiled user dll's ...
Registered in 0.003233 seconds.
Begin MonoManager ReloadAssembly
Native extension for WindowsStandalone target not found
Native extension for WebGL target not found
Refreshing native plugins compatible for Editor in 0.82 ms, found 7 plugins.
Preloading 1 native plugins for Editor in 0.07 ms.
Warning: Annotation not found!
UnityEngine.StackTraceUtility:ExtractStackTrace ()
UnityEditor.ProBuilder.EditorUtility:SetGizmoIconEnabled (System.Type,bool) (at Library/PackageCache/com.unity.probuilder@4.4.0/Editor/EditorCore/EditorUtility.cs:593)
UnityEditor.ProBuilder.HierarchyListener:.cctor () (at Library/PackageCache/com.unity.probuilder@4.4.0/Editor/EditorCore/HierarchyListener.cs:21)
System.Runtime.CompilerServices.RuntimeHelpers:RunClassConstructor (System.RuntimeTypeHandle)
UnityEditor.EditorAssemblies:ProcessInitializeOnLoadAttributes (System.Type[])

[Library/PackageCache/com.unity.probuilder@4.4.0/Editor/EditorCore/EditorUtility.cs line 593]

Invoked RoslynAnalysisRunner static constructor.
RoslynAnalysisRunner will not be running.
RoslynAnalysisRunner has terminated.
NullReferenceException: Object reference not set to an instance of an object
  at Unity.XR.Oculus.OculusLoader.AssetPathToAbsolutePath (System.String assetPath) [0x00048] in E:\Unity Projects\VR\DEMO\Trapped\VR_Trapped_Demo\Library\PackageCache\com.unity.xr.oculus@1.6.1\Runtime\OculusLoader.cs:242 
  at Unity.XR.Oculus.OculusLoader.EditorLoadOVRPlugin () [0x0007b] in E:\Unity Projects\VR\DEMO\Trapped\VR_Trapped_Demo\Library\PackageCache\com.unity.xr.oculus@1.6.1\Runtime\OculusLoader.cs:227 

(Filename: Library/PackageCache/com.unity.xr.oculus@1.6.1/Runtime/OculusLoader.cs Line: 242)

Mono: successfully reloaded assembly
- Completed reload, in  1.092 seconds
Platform modules already initialized, skipping
Refreshing native plugins compatible for Editor in 0.84 ms, found 7 plugins.
Preloading 1 native plugins for Editor in 0.06 ms.
Unloading 2941 Unused Serialized files (Serialized files now loaded: 0)
System memory in use before: 121.7 MB.
System memory in use after: 121.8 MB.

Unloading 18 unused Assets to reduce memory usage. Loaded Objects now: 3465.
Total: 3.454000 ms (FindLiveObjects: 0.436000 ms CreateObjectMapping: 0.142500 ms MarkObjects: 2.773100 ms  DeleteObjects: 0.101100 ms)

========================================================================
Received Import Request.
  Time since last request: 31.365976 seconds.
  path: Assets/__TRAPPED__/010_SCRIPTS/TestActionInput.cs
  artifactKey: Guid(49b5c66657c5ae24a9c3f88db1f16579) Importer(815301076,1909f56bfc062723c751e8b465ee728b)
Start importing Assets/__TRAPPED__/010_SCRIPTS/TestActionInput.cs using Guid(49b5c66657c5ae24a9c3f88db1f16579) Importer(815301076,1909f56bfc062723c751e8b465ee728b)  -> (artifact id: '15c87ffe517344e50eb4bb7f16d60d90') in 0.015554 seconds
  Import took 0.026890 seconds .

========================================================================
Received Import Request.
  Time since last request: 0.101834 seconds.
  path: Assets/__TRAPPED__/010_SCRIPTS/TestActionInput.cs
  artifactKey: Guid(49b5c66657c5ae24a9c3f88db1f16579) Importer(815301076,1909f56bfc062723c751e8b465ee728b)
Start importing Assets/__TRAPPED__/010_SCRIPTS/TestActionInput.cs using Guid(49b5c66657c5ae24a9c3f88db1f16579) Importer(815301076,1909f56bfc062723c751e8b465ee728b)  -> (artifact id: '15c87ffe517344e50eb4bb7f16d60d90') in 0.050881 seconds
  Import took 0.176237 seconds .

========================================================================
Received Prepare
Registering precompiled user dll's ...
Registered in 0.003372 seconds.
Begin MonoManager ReloadAssembly
Native extension for WindowsStandalone target not found
Native extension for WebGL target not found
Refreshing native plugins compatible for Editor in 0.96 ms, found 7 plugins.
Preloading 1 native plugins for Editor in 0.07 ms.
Warning: Annotation not found!
UnityEngine.StackTraceUtility:ExtractStackTrace ()
UnityEditor.ProBuilder.EditorUtility:SetGizmoIconEnabled (System.Type,bool) (at Library/PackageCache/com.unity.probuilder@4.4.0/Editor/EditorCore/EditorUtility.cs:593)
UnityEditor.ProBuilder.HierarchyListener:.cctor () (at Library/PackageCache/com.unity.probuilder@4.4.0/Editor/EditorCore/HierarchyListener.cs:21)
System.Runtime.CompilerServices.RuntimeHelpers:RunClassConstructor (System.RuntimeTypeHandle)
UnityEditor.EditorAssemblies:ProcessInitializeOnLoadAttributes (System.Type[])

[Library/PackageCache/com.unity.probuilder@4.4.0/Editor/EditorCore/EditorUtility.cs line 593]

Invoked RoslynAnalysisRunner static constructor.
RoslynAnalysisRunner will not be running.
RoslynAnalysisRunner has terminated.
NullReferenceException: Object reference not set to an instance of an object
  at Unity.XR.Oculus.OculusLoader.AssetPathToAbsolutePath (System.String assetPath) [0x00048] in E:\Unity Projects\VR\DEMO\Trapped\VR_Trapped_Demo\Library\PackageCache\com.unity.xr.oculus@1.6.1\Runtime\OculusLoader.cs:242 
  at Unity.XR.Oculus.OculusLoader.EditorLoadOVRPlugin () [0x0007b] in E:\Unity Projects\VR\DEMO\Trapped\VR_Trapped_Demo\Library\PackageCache\com.unity.xr.oculus@1.6.1\Runtime\OculusLoader.cs:227 

(Filename: Library/PackageCache/com.unity.xr.oculus@1.6.1/Runtime/OculusLoader.cs Line: 242)

Mono: successfully reloaded assembly
- Completed reload, in  1.300 seconds
Platform modules already initialized, skipping
Refreshing native plugins compatible for Editor in 0.85 ms, found 7 plugins.
Preloading 1 native plugins for Editor in 0.06 ms.
Unloading 2941 Unused Serialized files (Serialized files now loaded: 0)
System memory in use before: 121.8 MB.
System memory in use after: 122.0 MB.

Unloading 18 unused Assets to reduce memory usage. Loaded Objects now: 3468.
Total: 2.816500 ms (FindLiveObjects: 0.264000 ms CreateObjectMapping: 0.122500 ms MarkObjects: 2.357400 ms  DeleteObjects: 0.071800 ms)

========================================================================
Received Import Request.
  Time since last request: 1479.805206 seconds.
  path: Assets/__TRAPPED__/010_SCRIPTS/TestActionInput.cs
  artifactKey: Guid(49b5c66657c5ae24a9c3f88db1f16579) Importer(815301076,1909f56bfc062723c751e8b465ee728b)
Start importing Assets/__TRAPPED__/010_SCRIPTS/TestActionInput.cs using Guid(49b5c66657c5ae24a9c3f88db1f16579) Importer(815301076,1909f56bfc062723c751e8b465ee728b)  -> (artifact id: '1e6290657699616960bd3bc6acdf3e52') in 0.007994 seconds
  Import took 0.014391 seconds .

========================================================================
Received Import Request.
  Time since last request: 0.226395 seconds.
  path: Assets/__TRAPPED__/010_SCRIPTS/TestActionInput.cs
  artifactKey: Guid(49b5c66657c5ae24a9c3f88db1f16579) Importer(815301076,1909f56bfc062723c751e8b465ee728b)
Start importing Assets/__TRAPPED__/010_SCRIPTS/TestActionInput.cs using Guid(49b5c66657c5ae24a9c3f88db1f16579) Importer(815301076,1909f56bfc062723c751e8b465ee728b)  -> (artifact id: '1e6290657699616960bd3bc6acdf3e52') in 0.001572 seconds
  Import took 0.008453 seconds .

========================================================================
Received Prepare
Registering precompiled user dll's ...
Registered in 0.003698 seconds.
Begin MonoManager ReloadAssembly
Native extension for WindowsStandalone target not found
Native extension for WebGL target not found
Refreshing native plugins compatible for Editor in 0.95 ms, found 7 plugins.
Preloading 1 native plugins for Editor in 0.09 ms.
Warning: Annotation not found!
UnityEngine.StackTraceUtility:ExtractStackTrace ()
UnityEditor.ProBuilder.EditorUtility:SetGizmoIconEnabled (System.Type,bool) (at Library/PackageCache/com.unity.probuilder@4.4.0/Editor/EditorCore/EditorUtility.cs:593)
UnityEditor.ProBuilder.HierarchyListener:.cctor () (at Library/PackageCache/com.unity.probuilder@4.4.0/Editor/EditorCore/HierarchyListener.cs:21)
System.Runtime.CompilerServices.RuntimeHelpers:RunClassConstructor (System.RuntimeTypeHandle)
UnityEditor.EditorAssemblies:ProcessInitializeOnLoadAttributes (System.Type[])

[Library/PackageCache/com.unity.probuilder@4.4.0/Editor/EditorCore/EditorUtility.cs line 593]

Invoked RoslynAnalysisRunner static constructor.
RoslynAnalysisRunner will not be running.
RoslynAnalysisRunner has terminated.
NullReferenceException: Object reference not set to an instance of an object
  at Unity.XR.Oculus.OculusLoader.AssetPathToAbsolutePath (System.String assetPath) [0x00048] in E:\Unity Projects\VR\DEMO\Trapped\VR_Trapped_Demo\Library\PackageCache\com.unity.xr.oculus@1.6.1\Runtime\OculusLoader.cs:242 
  at Unity.XR.Oculus.OculusLoader.EditorLoadOVRPlugin () [0x0007b] in E:\Unity Projects\VR\DEMO\Trapped\VR_Trapped_Demo\Library\PackageCache\com.unity.xr.oculus@1.6.1\Runtime\OculusLoader.cs:227 

(Filename: Library/PackageCache/com.unity.xr.oculus@1.6.1/Runtime/OculusLoader.cs Line: 242)

Mono: successfully reloaded assembly
- Completed reload, in  1.162 seconds
Platform modules already initialized, skipping
Refreshing native plugins compatible for Editor in 0.77 ms, found 7 plugins.
Preloading 1 native plugins for Editor in 0.06 ms.
Unloading 2941 Unused Serialized files (Serialized files now loaded: 0)
System memory in use before: 122.0 MB.
System memory in use after: 122.1 MB.

Unloading 18 unused Assets to reduce memory usage. Loaded Objects now: 3471.
Total: 3.810800 ms (FindLiveObjects: 0.362700 ms CreateObjectMapping: 0.190500 ms MarkObjects: 3.166300 ms  DeleteObjects: 0.090000 ms)

========================================================================
Received Import Request.
  Time since last request: 116.681660 seconds.
  path: Assets/__TRAPPED__/010_SCRIPTS/TestActionInput.cs
  artifactKey: Guid(49b5c66657c5ae24a9c3f88db1f16579) Importer(815301076,1909f56bfc062723c751e8b465ee728b)
Start importing Assets/__TRAPPED__/010_SCRIPTS/TestActionInput.cs using Guid(49b5c66657c5ae24a9c3f88db1f16579) Importer(815301076,1909f56bfc062723c751e8b465ee728b)  -> (artifact id: '25b1a440ea565eb4bc3715f6a69ae0e1') in 0.008187 seconds
  Import took 0.018303 seconds .

========================================================================
Received Import Request.
  Time since last request: 0.339034 seconds.
  path: Assets/__TRAPPED__/010_SCRIPTS/TestActionInput.cs
  artifactKey: Guid(49b5c66657c5ae24a9c3f88db1f16579) Importer(815301076,1909f56bfc062723c751e8b465ee728b)
Start importing Assets/__TRAPPED__/010_SCRIPTS/TestActionInput.cs using Guid(49b5c66657c5ae24a9c3f88db1f16579) Importer(815301076,1909f56bfc062723c751e8b465ee728b)  -> (artifact id: '25b1a440ea565eb4bc3715f6a69ae0e1') in 0.003011 seconds
  Import took 0.010749 seconds .

========================================================================
Received Prepare
Registering precompiled user dll's ...
Registered in 0.005181 seconds.
Begin MonoManager ReloadAssembly
Native extension for WindowsStandalone target not found
Native extension for WebGL target not found
Refreshing native plugins compatible for Editor in 0.82 ms, found 7 plugins.
Preloading 1 native plugins for Editor in 0.17 ms.
Warning: Annotation not found!
UnityEngine.StackTraceUtility:ExtractStackTrace ()
UnityEditor.ProBuilder.EditorUtility:SetGizmoIconEnabled (System.Type,bool) (at Library/PackageCache/com.unity.probuilder@4.4.0/Editor/EditorCore/EditorUtility.cs:593)
UnityEditor.ProBuilder.HierarchyListener:.cctor () (at Library/PackageCache/com.unity.probuilder@4.4.0/Editor/EditorCore/HierarchyListener.cs:21)
System.Runtime.CompilerServices.RuntimeHelpers:RunClassConstructor (System.RuntimeTypeHandle)
UnityEditor.EditorAssemblies:ProcessInitializeOnLoadAttributes (System.Type[])

[Library/PackageCache/com.unity.probuilder@4.4.0/Editor/EditorCore/EditorUtility.cs line 593]

Invoked RoslynAnalysisRunner static constructor.
RoslynAnalysisRunner will not be running.
RoslynAnalysisRunner has terminated.
NullReferenceException: Object reference not set to an instance of an object
  at Unity.XR.Oculus.OculusLoader.AssetPathToAbsolutePath (System.String assetPath) [0x00048] in E:\Unity Projects\VR\DEMO\Trapped\VR_Trapped_Demo\Library\PackageCache\com.unity.xr.oculus@1.6.1\Runtime\OculusLoader.cs:242 
  at Unity.XR.Oculus.OculusLoader.EditorLoadOVRPlugin () [0x0007b] in E:\Unity Projects\VR\DEMO\Trapped\VR_Trapped_Demo\Library\PackageCache\com.unity.xr.oculus@1.6.1\Runtime\OculusLoader.cs:227 

(Filename: Library/PackageCache/com.unity.xr.oculus@1.6.1/Runtime/OculusLoader.cs Line: 242)

Mono: successfully reloaded assembly
- Completed reload, in  1.282 seconds
Platform modules already initialized, skipping
Refreshing native plugins compatible for Editor in 1.65 ms, found 7 plugins.
Preloading 1 native plugins for Editor in 0.08 ms.
Unloading 2941 Unused Serialized files (Serialized files now loaded: 0)
System memory in use before: 122.1 MB.
System memory in use after: 122.3 MB.

Unloading 18 unused Assets to reduce memory usage. Loaded Objects now: 3474.
Total: 2.907100 ms (FindLiveObjects: 0.268600 ms CreateObjectMapping: 0.118400 ms MarkObjects: 2.435200 ms  DeleteObjects: 0.084100 ms)

========================================================================
Received Import Request.
  Time since last request: 131.069764 seconds.
  path: Assets/__TRAPPED__/010_SCRIPTS/TestActionInput.cs
  artifactKey: Guid(49b5c66657c5ae24a9c3f88db1f16579) Importer(815301076,1909f56bfc062723c751e8b465ee728b)
Start importing Assets/__TRAPPED__/010_SCRIPTS/TestActionInput.cs using Guid(49b5c66657c5ae24a9c3f88db1f16579) Importer(815301076,1909f56bfc062723c751e8b465ee728b)  -> (artifact id: '667ad2cfbb981eb504e0873c7492f6a5') in 0.021126 seconds
  Import took 0.028493 seconds .

========================================================================
Received Import Request.
  Time since last request: 0.196877 seconds.
  path: Assets/__TRAPPED__/010_SCRIPTS/TestActionInput.cs
  artifactKey: Guid(49b5c66657c5ae24a9c3f88db1f16579) Importer(815301076,1909f56bfc062723c751e8b465ee728b)
Start importing Assets/__TRAPPED__/010_SCRIPTS/TestActionInput.cs using Guid(49b5c66657c5ae24a9c3f88db1f16579) Importer(815301076,1909f56bfc062723c751e8b465ee728b)  -> (artifact id: '667ad2cfbb981eb504e0873c7492f6a5') in 0.001485 seconds
  Import took 0.007366 seconds .

========================================================================
Received Prepare
Registering precompiled user dll's ...
Registered in 0.003488 seconds.
Begin MonoManager ReloadAssembly
Native extension for WindowsStandalone target not found
Native extension for WebGL target not found
Refreshing native plugins compatible for Editor in 0.85 ms, found 7 plugins.
Preloading 1 native plugins for Editor in 0.09 ms.
Warning: Annotation not found!
UnityEngine.StackTraceUtility:ExtractStackTrace ()
UnityEditor.ProBuilder.EditorUtility:SetGizmoIconEnabled (System.Type,bool) (at Library/PackageCache/com.unity.probuilder@4.4.0/Editor/EditorCore/EditorUtility.cs:593)
UnityEditor.ProBuilder.HierarchyListener:.cctor () (at Library/PackageCache/com.unity.probuilder@4.4.0/Editor/EditorCore/HierarchyListener.cs:21)
System.Runtime.CompilerServices.RuntimeHelpers:RunClassConstructor (System.RuntimeTypeHandle)
UnityEditor.EditorAssemblies:ProcessInitializeOnLoadAttributes (System.Type[])

[Library/PackageCache/com.unity.probuilder@4.4.0/Editor/EditorCore/EditorUtility.cs line 593]

Invoked RoslynAnalysisRunner static constructor.
RoslynAnalysisRunner will not be running.
RoslynAnalysisRunner has terminated.
NullReferenceException: Object reference not set to an instance of an object
  at Unity.XR.Oculus.OculusLoader.AssetPathToAbsolutePath (System.String assetPath) [0x00048] in E:\Unity Projects\VR\DEMO\Trapped\VR_Trapped_Demo\Library\PackageCache\com.unity.xr.oculus@1.6.1\Runtime\OculusLoader.cs:242 
  at Unity.XR.Oculus.OculusLoader.EditorLoadOVRPlugin () [0x0007b] in E:\Unity Projects\VR\DEMO\Trapped\VR_Trapped_Demo\Library\PackageCache\com.unity.xr.oculus@1.6.1\Runtime\OculusLoader.cs:227 

(Filename: Library/PackageCache/com.unity.xr.oculus@1.6.1/Runtime/OculusLoader.cs Line: 242)

Mono: successfully reloaded assembly
- Completed reload, in  1.162 seconds
Platform modules already initialized, skipping
Refreshing native plugins compatible for Editor in 0.84 ms, found 7 plugins.
Preloading 1 native plugins for Editor in 0.06 ms.
Unloading 2941 Unused Serialized files (Serialized files now loaded: 0)
System memory in use before: 122.2 MB.
System memory in use after: 122.4 MB.

Unloading 18 unused Assets to reduce memory usage. Loaded Objects now: 3477.
Total: 3.157900 ms (FindLiveObjects: 0.429200 ms CreateObjectMapping: 0.148700 ms MarkObjects: 2.501800 ms  DeleteObjects: 0.076900 ms)

========================================================================
Received Import Request.
  Time since last request: 8.383161 seconds.
  path: Assets/__TRAPPED__/010_SCRIPTS/TestActionInput.cs
  artifactKey: Guid(49b5c66657c5ae24a9c3f88db1f16579) Importer(815301076,1909f56bfc062723c751e8b465ee728b)
Start importing Assets/__TRAPPED__/010_SCRIPTS/TestActionInput.cs using Guid(49b5c66657c5ae24a9c3f88db1f16579) Importer(815301076,1909f56bfc062723c751e8b465ee728b)  -> (artifact id: 'bac838bcd9e909540950ed9a5928834e') in 0.005590 seconds
  Import took 0.011026 seconds .

========================================================================
Received Import Request.
  Time since last request: 0.063660 seconds.
  path: Assets/__TRAPPED__/010_SCRIPTS/TestActionInput.cs
  artifactKey: Guid(49b5c66657c5ae24a9c3f88db1f16579) Importer(815301076,1909f56bfc062723c751e8b465ee728b)
Start importing Assets/__TRAPPED__/010_SCRIPTS/TestActionInput.cs using Guid(49b5c66657c5ae24a9c3f88db1f16579) Importer(815301076,1909f56bfc062723c751e8b465ee728b)  -> (artifact id: 'bac838bcd9e909540950ed9a5928834e') in 0.001508 seconds
  Import took 0.007419 seconds .

========================================================================
Received Prepare
Registering precompiled user dll's ...
Registered in 0.003493 seconds.
Begin MonoManager ReloadAssembly
Native extension for WindowsStandalone target not found
Native extension for WebGL target not found
Refreshing native plugins compatible for Editor in 0.82 ms, found 7 plugins.
Preloading 1 native plugins for Editor in 0.07 ms.
Warning: Annotation not found!
UnityEngine.StackTraceUtility:ExtractStackTrace ()
UnityEditor.ProBuilder.EditorUtility:SetGizmoIconEnabled (System.Type,bool) (at Library/PackageCache/com.unity.probuilder@4.4.0/Editor/EditorCore/EditorUtility.cs:593)
UnityEditor.ProBuilder.HierarchyListener:.cctor () (at Library/PackageCache/com.unity.probuilder@4.4.0/Editor/EditorCore/HierarchyListener.cs:21)
System.Runtime.CompilerServices.RuntimeHelpers:RunClassConstructor (System.RuntimeTypeHandle)
UnityEditor.EditorAssemblies:ProcessInitializeOnLoadAttributes (System.Type[])

[Library/PackageCache/com.unity.probuilder@4.4.0/Editor/EditorCore/EditorUtility.cs line 593]

Invoked RoslynAnalysisRunner static constructor.
RoslynAnalysisRunner will not be running.
RoslynAnalysisRunner has terminated.
NullReferenceException: Object reference not set to an instance of an object
  at Unity.XR.Oculus.OculusLoader.AssetPathToAbsolutePath (System.String assetPath) [0x00048] in E:\Unity Projects\VR\DEMO\Trapped\VR_Trapped_Demo\Library\PackageCache\com.unity.xr.oculus@1.6.1\Runtime\OculusLoader.cs:242 
  at Unity.XR.Oculus.OculusLoader.EditorLoadOVRPlugin () [0x0007b] in E:\Unity Projects\VR\DEMO\Trapped\VR_Trapped_Demo\Library\PackageCache\com.unity.xr.oculus@1.6.1\Runtime\OculusLoader.cs:227 

(Filename: Library/PackageCache/com.unity.xr.oculus@1.6.1/Runtime/OculusLoader.cs Line: 242)

Mono: successfully reloaded assembly
- Completed reload, in  1.165 seconds
Platform modules already initialized, skipping
Refreshing native plugins compatible for Editor in 0.81 ms, found 7 plugins.
Preloading 1 native plugins for Editor in 0.06 ms.
Unloading 2941 Unused Serialized files (Serialized files now loaded: 0)
System memory in use before: 122.4 MB.
System memory in use after: 122.5 MB.

Unloading 18 unused Assets to reduce memory usage. Loaded Objects now: 3480.
Total: 4.047200 ms (FindLiveObjects: 0.281800 ms CreateObjectMapping: 0.124300 ms MarkObjects: 3.560300 ms  DeleteObjects: 0.079800 ms)

========================================================================
Received Import Request.
  Time since last request: 13.740422 seconds.
  path: Assets/__TRAPPED__/010_SCRIPTS/TestActionInput.cs
  artifactKey: Guid(49b5c66657c5ae24a9c3f88db1f16579) Importer(815301076,1909f56bfc062723c751e8b465ee728b)
Start importing Assets/__TRAPPED__/010_SCRIPTS/TestActionInput.cs using Guid(49b5c66657c5ae24a9c3f88db1f16579) Importer(815301076,1909f56bfc062723c751e8b465ee728b)  -> (artifact id: 'f7a08bb934a20092e9e746b0fadecb02') in 0.005631 seconds
  Import took 0.011326 seconds .

========================================================================
Received Import Request.
  Time since last request: 0.064345 seconds.
  path: Assets/__TRAPPED__/010_SCRIPTS/TestActionInput.cs
  artifactKey: Guid(49b5c66657c5ae24a9c3f88db1f16579) Importer(815301076,1909f56bfc062723c751e8b465ee728b)
Start importing Assets/__TRAPPED__/010_SCRIPTS/TestActionInput.cs using Guid(49b5c66657c5ae24a9c3f88db1f16579) Importer(815301076,1909f56bfc062723c751e8b465ee728b)  -> (artifact id: 'f7a08bb934a20092e9e746b0fadecb02') in 0.001723 seconds
  Import took 0.008698 seconds .

========================================================================
Received Prepare
Registering precompiled user dll's ...
Registered in 0.004031 seconds.
Begin MonoManager ReloadAssembly
Native extension for WindowsStandalone target not found
Native extension for WebGL target not found
Refreshing native plugins compatible for Editor in 0.79 ms, found 7 plugins.
Preloading 1 native plugins for Editor in 0.06 ms.
Warning: Annotation not found!
UnityEngine.StackTraceUtility:ExtractStackTrace ()
UnityEditor.ProBuilder.EditorUtility:SetGizmoIconEnabled (System.Type,bool) (at Library/PackageCache/com.unity.probuilder@4.4.0/Editor/EditorCore/EditorUtility.cs:593)
UnityEditor.ProBuilder.HierarchyListener:.cctor () (at Library/PackageCache/com.unity.probuilder@4.4.0/Editor/EditorCore/HierarchyListener.cs:21)
System.Runtime.CompilerServices.RuntimeHelpers:RunClassConstructor (System.RuntimeTypeHandle)
UnityEditor.EditorAssemblies:ProcessInitializeOnLoadAttributes (System.Type[])

[Library/PackageCache/com.unity.probuilder@4.4.0/Editor/EditorCore/EditorUtility.cs line 593]

Invoked RoslynAnalysisRunner static constructor.
RoslynAnalysisRunner will not be running.
RoslynAnalysisRunner has terminated.
NullReferenceException: Object reference not set to an instance of an object
  at Unity.XR.Oculus.OculusLoader.AssetPathToAbsolutePath (System.String assetPath) [0x00048] in E:\Unity Projects\VR\DEMO\Trapped\VR_Trapped_Demo\Library\PackageCache\com.unity.xr.oculus@1.6.1\Runtime\OculusLoader.cs:242 
  at Unity.XR.Oculus.OculusLoader.EditorLoadOVRPlugin () [0x0007b] in E:\Unity Projects\VR\DEMO\Trapped\VR_Trapped_Demo\Library\PackageCache\com.unity.xr.oculus@1.6.1\Runtime\OculusLoader.cs:227 

(Filename: Library/PackageCache/com.unity.xr.oculus@1.6.1/Runtime/OculusLoader.cs Line: 242)

Mono: successfully reloaded assembly
- Completed reload, in  1.123 seconds
Platform modules already initialized, skipping
Refreshing native plugins compatible for Editor in 0.83 ms, found 7 plugins.
Preloading 1 native plugins for Editor in 0.06 ms.
Unloading 2941 Unused Serialized files (Serialized files now loaded: 0)
System memory in use before: 122.4 MB.
System memory in use after: 122.6 MB.

Unloading 18 unused Assets to reduce memory usage. Loaded Objects now: 3483.
Total: 2.979300 ms (FindLiveObjects: 0.267200 ms CreateObjectMapping: 0.121100 ms MarkObjects: 2.511100 ms  DeleteObjects: 0.078400 ms)

========================================================================
Received Import Request.
  Time since last request: 32.090341 seconds.
  path: Assets/__TRAPPED__/010_SCRIPTS/TestActionInput.cs
  artifactKey: Guid(49b5c66657c5ae24a9c3f88db1f16579) Importer(815301076,1909f56bfc062723c751e8b465ee728b)
Start importing Assets/__TRAPPED__/010_SCRIPTS/TestActionInput.cs using Guid(49b5c66657c5ae24a9c3f88db1f16579) Importer(815301076,1909f56bfc062723c751e8b465ee728b)  -> (artifact id: '07770b6184601668313a365d28f50ad8') in 0.006097 seconds
  Import took 0.011861 seconds .

========================================================================
Received Prepare
Registering precompiled user dll's ...
Registered in 0.003391 seconds.
Begin MonoManager ReloadAssembly
Native extension for WindowsStandalone target not found
Native extension for WebGL target not found
Refreshing native plugins compatible for Editor in 1.12 ms, found 7 plugins.
Preloading 1 native plugins for Editor in 0.07 ms.
Warning: Annotation not found!
UnityEngine.StackTraceUtility:ExtractStackTrace ()
UnityEditor.ProBuilder.EditorUtility:SetGizmoIconEnabled (System.Type,bool) (at Library/PackageCache/com.unity.probuilder@4.4.0/Editor/EditorCore/EditorUtility.cs:593)
UnityEditor.ProBuilder.HierarchyListener:.cctor () (at Library/PackageCache/com.unity.probuilder@4.4.0/Editor/EditorCore/HierarchyListener.cs:21)
System.Runtime.CompilerServices.RuntimeHelpers:RunClassConstructor (System.RuntimeTypeHandle)
UnityEditor.EditorAssemblies:ProcessInitializeOnLoadAttributes (System.Type[])

[Library/PackageCache/com.unity.probuilder@4.4.0/Editor/EditorCore/EditorUtility.cs line 593]

Invoked RoslynAnalysisRunner static constructor.
RoslynAnalysisRunner will not be running.
RoslynAnalysisRunner has terminated.
NullReferenceException: Object reference not set to an instance of an object
  at Unity.XR.Oculus.OculusLoader.AssetPathToAbsolutePath (System.String assetPath) [0x00048] in E:\Unity Projects\VR\DEMO\Trapped\VR_Trapped_Demo\Library\PackageCache\com.unity.xr.oculus@1.6.1\Runtime\OculusLoader.cs:242 
  at Unity.XR.Oculus.OculusLoader.EditorLoadOVRPlugin () [0x0007b] in E:\Unity Projects\VR\DEMO\Trapped\VR_Trapped_Demo\Library\PackageCache\com.unity.xr.oculus@1.6.1\Runtime\OculusLoader.cs:227 

(Filename: Library/PackageCache/com.unity.xr.oculus@1.6.1/Runtime/OculusLoader.cs Line: 242)

Mono: successfully reloaded assembly
- Completed reload, in  1.169 seconds
Platform modules already initialized, skipping
Refreshing native plugins compatible for Editor in 0.87 ms, found 7 plugins.
Preloading 1 native plugins for Editor in 0.06 ms.
Unloading 2941 Unused Serialized files (Serialized files now loaded: 0)
System memory in use before: 122.6 MB.
System memory in use after: 122.8 MB.

Unloading 18 unused Assets to reduce memory usage. Loaded Objects now: 3486.
Total: 3.725600 ms (FindLiveObjects: 0.276300 ms CreateObjectMapping: 0.122800 ms MarkObjects: 3.215800 ms  DeleteObjects: 0.109500 ms)

========================================================================
Received Prepare
Registering precompiled user dll's ...
Registered in 0.004240 seconds.
Begin MonoManager ReloadAssembly
Native extension for WindowsStandalone target not found
Native extension for WebGL target not found
Refreshing native plugins compatible for Editor in 0.78 ms, found 7 plugins.
Preloading 1 native plugins for Editor in 0.07 ms.
Warning: Annotation not found!
UnityEngine.StackTraceUtility:ExtractStackTrace ()
UnityEditor.ProBuilder.EditorUtility:SetGizmoIconEnabled (System.Type,bool) (at Library/PackageCache/com.unity.probuilder@4.4.0/Editor/EditorCore/EditorUtility.cs:593)
UnityEditor.ProBuilder.HierarchyListener:.cctor () (at Library/PackageCache/com.unity.probuilder@4.4.0/Editor/EditorCore/HierarchyListener.cs:21)
System.Runtime.CompilerServices.RuntimeHelpers:RunClassConstructor (System.RuntimeTypeHandle)
UnityEditor.EditorAssemblies:ProcessInitializeOnLoadAttributes (System.Type[])

[Library/PackageCache/com.unity.probuilder@4.4.0/Editor/EditorCore/EditorUtility.cs line 593]

Invoked RoslynAnalysisRunner static constructor.
RoslynAnalysisRunner will not be running.
RoslynAnalysisRunner has terminated.
NullReferenceException: Object reference not set to an instance of an object
  at Unity.XR.Oculus.OculusLoader.AssetPathToAbsolutePath (System.String assetPath) [0x00048] in E:\Unity Projects\VR\DEMO\Trapped\VR_Trapped_Demo\Library\PackageCache\com.unity.xr.oculus@1.6.1\Runtime\OculusLoader.cs:242 
  at Unity.XR.Oculus.OculusLoader.EditorLoadOVRPlugin () [0x0007b] in E:\Unity Projects\VR\DEMO\Trapped\VR_Trapped_Demo\Library\PackageCache\com.unity.xr.oculus@1.6.1\Runtime\OculusLoader.cs:227 

(Filename: Library/PackageCache/com.unity.xr.oculus@1.6.1/Runtime/OculusLoader.cs Line: 242)

Mono: successfully reloaded assembly
- Completed reload, in  1.183 seconds
Platform modules already initialized, skipping
Refreshing native plugins compatible for Editor in 0.86 ms, found 7 plugins.
Preloading 1 native plugins for Editor in 0.11 ms.
Unloading 2941 Unused Serialized files (Serialized files now loaded: 0)
System memory in use before: 122.8 MB.
System memory in use after: 122.9 MB.

Unloading 18 unused Assets to reduce memory usage. Loaded Objects now: 3489.
Total: 2.939800 ms (FindLiveObjects: 0.270500 ms CreateObjectMapping: 0.120000 ms MarkObjects: 2.469900 ms  DeleteObjects: 0.078500 ms)

========================================================================
Received Prepare
Registering precompiled user dll's ...
Registered in 0.005914 seconds.
Begin MonoManager ReloadAssembly
Native extension for WindowsStandalone target not found
Native extension for WebGL target not found
Refreshing native plugins compatible for Editor in 0.94 ms, found 7 plugins.
Preloading 1 native plugins for Editor in 0.12 ms.
Warning: Annotation not found!
UnityEngine.StackTraceUtility:ExtractStackTrace ()
UnityEditor.ProBuilder.EditorUtility:SetGizmoIconEnabled (System.Type,bool) (at Library/PackageCache/com.unity.probuilder@4.4.0/Editor/EditorCore/EditorUtility.cs:593)
UnityEditor.ProBuilder.HierarchyListener:.cctor () (at Library/PackageCache/com.unity.probuilder@4.4.0/Editor/EditorCore/HierarchyListener.cs:21)
System.Runtime.CompilerServices.RuntimeHelpers:RunClassConstructor (System.RuntimeTypeHandle)
UnityEditor.EditorAssemblies:ProcessInitializeOnLoadAttributes (System.Type[])

[Library/PackageCache/com.unity.probuilder@4.4.0/Editor/EditorCore/EditorUtility.cs line 593]

Invoked RoslynAnalysisRunner static constructor.
RoslynAnalysisRunner will not be running.
RoslynAnalysisRunner has terminated.
NullReferenceException: Object reference not set to an instance of an object
  at Unity.XR.Oculus.OculusLoader.AssetPathToAbsolutePath (System.String assetPath) [0x00048] in E:\Unity Projects\VR\DEMO\Trapped\VR_Trapped_Demo\Library\PackageCache\com.unity.xr.oculus@1.6.1\Runtime\OculusLoader.cs:242 
  at Unity.XR.Oculus.OculusLoader.EditorLoadOVRPlugin () [0x0007b] in E:\Unity Projects\VR\DEMO\Trapped\VR_Trapped_Demo\Library\PackageCache\com.unity.xr.oculus@1.6.1\Runtime\OculusLoader.cs:227 

(Filename: Library/PackageCache/com.unity.xr.oculus@1.6.1/Runtime/OculusLoader.cs Line: 242)

Mono: successfully reloaded assembly
- Completed reload, in  1.759 seconds
Platform modules already initialized, skipping
Refreshing native plugins compatible for Editor in 1.14 ms, found 7 plugins.
Preloading 1 native plugins for Editor in 0.08 ms.
Unloading 2941 Unused Serialized files (Serialized files now loaded: 0)
System memory in use before: 122.9 MB.
System memory in use after: 123.1 MB.

Unloading 18 unused Assets to reduce memory usage. Loaded Objects now: 3492.
Total: 4.738100 ms (FindLiveObjects: 0.445200 ms CreateObjectMapping: 0.171700 ms MarkObjects: 3.973700 ms  DeleteObjects: 0.145500 ms)

========================================================================
Received Prepare
Registering precompiled user dll's ...
Registered in 0.003893 seconds.
Begin MonoManager ReloadAssembly
Native extension for WindowsStandalone target not found
Native extension for WebGL target not found
Refreshing native plugins compatible for Editor in 0.79 ms, found 7 plugins.
Preloading 1 native plugins for Editor in 0.07 ms.
Warning: Annotation not found!
UnityEngine.StackTraceUtility:ExtractStackTrace ()
UnityEditor.ProBuilder.EditorUtility:SetGizmoIconEnabled (System.Type,bool) (at Library/PackageCache/com.unity.probuilder@4.4.0/Editor/EditorCore/EditorUtility.cs:593)
UnityEditor.ProBuilder.HierarchyListener:.cctor () (at Library/PackageCache/com.unity.probuilder@4.4.0/Editor/EditorCore/HierarchyListener.cs:21)
System.Runtime.CompilerServices.RuntimeHelpers:RunClassConstructor (System.RuntimeTypeHandle)
UnityEditor.EditorAssemblies:ProcessInitializeOnLoadAttributes (System.Type[])

[Library/PackageCache/com.unity.probuilder@4.4.0/Editor/EditorCore/EditorUtility.cs line 593]

Invoked RoslynAnalysisRunner static constructor.
RoslynAnalysisRunner will not be running.
RoslynAnalysisRunner has terminated.
NullReferenceException: Object reference not set to an instance of an object
  at Unity.XR.Oculus.OculusLoader.AssetPathToAbsolutePath (System.String assetPath) [0x00048] in E:\Unity Projects\VR\DEMO\Trapped\VR_Trapped_Demo\Library\PackageCache\com.unity.xr.oculus@1.6.1\Runtime\OculusLoader.cs:242 
  at Unity.XR.Oculus.OculusLoader.EditorLoadOVRPlugin () [0x0007b] in E:\Unity Projects\VR\DEMO\Trapped\VR_Trapped_Demo\Library\PackageCache\com.unity.xr.oculus@1.6.1\Runtime\OculusLoader.cs:227 

(Filename: Library/PackageCache/com.unity.xr.oculus@1.6.1/Runtime/OculusLoader.cs Line: 242)

Mono: successfully reloaded assembly
- Completed reload, in  1.399 seconds
Platform modules already initialized, skipping
Refreshing native plugins compatible for Editor in 0.92 ms, found 7 plugins.
Preloading 1 native plugins for Editor in 0.06 ms.
Unloading 2941 Unused Serialized files (Serialized files now loaded: 0)
System memory in use before: 123.0 MB.
System memory in use after: 123.2 MB.

Unloading 18 unused Assets to reduce memory usage. Loaded Objects now: 3495.
Total: 3.320400 ms (FindLiveObjects: 0.268900 ms CreateObjectMapping: 0.121100 ms MarkObjects: 2.847800 ms  DeleteObjects: 0.081400 ms)

========================================================================
Received Prepare
Registering precompiled user dll's ...
Registered in 0.004486 seconds.
Begin MonoManager ReloadAssembly
Native extension for WindowsStandalone target not found
Native extension for WebGL target not found
Refreshing native plugins compatible for Editor in 0.96 ms, found 7 plugins.
Preloading 1 native plugins for Editor in 0.10 ms.
Warning: Annotation not found!
UnityEngine.StackTraceUtility:ExtractStackTrace ()
UnityEditor.ProBuilder.EditorUtility:SetGizmoIconEnabled (System.Type,bool) (at Library/PackageCache/com.unity.probuilder@4.4.0/Editor/EditorCore/EditorUtility.cs:593)
UnityEditor.ProBuilder.HierarchyListener:.cctor () (at Library/PackageCache/com.unity.probuilder@4.4.0/Editor/EditorCore/HierarchyListener.cs:21)
System.Runtime.CompilerServices.RuntimeHelpers:RunClassConstructor (System.RuntimeTypeHandle)
UnityEditor.EditorAssemblies:ProcessInitializeOnLoadAttributes (System.Type[])

[Library/PackageCache/com.unity.probuilder@4.4.0/Editor/EditorCore/EditorUtility.cs line 593]

Invoked RoslynAnalysisRunner static constructor.
RoslynAnalysisRunner will not be running.
RoslynAnalysisRunner has terminated.
NullReferenceException: Object reference not set to an instance of an object
  at Unity.XR.Oculus.OculusLoader.AssetPathToAbsolutePath (System.String assetPath) [0x00048] in E:\Unity Projects\VR\DEMO\Trapped\VR_Trapped_Demo\Library\PackageCache\com.unity.xr.oculus@1.6.1\Runtime\OculusLoader.cs:242 
  at Unity.XR.Oculus.OculusLoader.EditorLoadOVRPlugin () [0x0007b] in E:\Unity Projects\VR\DEMO\Trapped\VR_Trapped_Demo\Library\PackageCache\com.unity.xr.oculus@1.6.1\Runtime\OculusLoader.cs:227 

(Filename: Library/PackageCache/com.unity.xr.oculus@1.6.1/Runtime/OculusLoader.cs Line: 242)

Mono: successfully reloaded assembly
- Completed reload, in  1.359 seconds
Platform modules already initialized, skipping
Refreshing native plugins compatible for Editor in 0.92 ms, found 7 plugins.
Preloading 1 native plugins for Editor in 0.07 ms.
Unloading 2941 Unused Serialized files (Serialized files now loaded: 0)
System memory in use before: 123.1 MB.
System memory in use after: 123.3 MB.

Unloading 18 unused Assets to reduce memory usage. Loaded Objects now: 3498.
Total: 3.870000 ms (FindLiveObjects: 0.274800 ms CreateObjectMapping: 0.122400 ms MarkObjects: 3.344400 ms  DeleteObjects: 0.126500 ms)

========================================================================
Received Import Request.
  Time since last request: 4322.392038 seconds.
  path: Assets/__TRAPPED__/010_SCRIPTS/TestActionInput.cs
  artifactKey: Guid(49b5c66657c5ae24a9c3f88db1f16579) Importer(815301076,1909f56bfc062723c751e8b465ee728b)
Start importing Assets/__TRAPPED__/010_SCRIPTS/TestActionInput.cs using Guid(49b5c66657c5ae24a9c3f88db1f16579) Importer(815301076,1909f56bfc062723c751e8b465ee728b)  -> (artifact id: 'b5e80fa292275b5630f1bace8adb0d8e') in 0.008252 seconds
  Import took 0.015307 seconds .

========================================================================
Received Import Request.
  Time since last request: 121.060423 seconds.
  path: Assets/__TRAPPED__/010_SCRIPTS/TestActionInput.cs
  artifactKey: Guid(49b5c66657c5ae24a9c3f88db1f16579) Importer(815301076,1909f56bfc062723c751e8b465ee728b)
Start importing Assets/__TRAPPED__/010_SCRIPTS/TestActionInput.cs using Guid(49b5c66657c5ae24a9c3f88db1f16579) Importer(815301076,1909f56bfc062723c751e8b465ee728b)  -> (artifact id: 'ab1234a8d962f510de2b48d8f10c84da') in 0.003496 seconds
  Import took 0.012108 seconds .

========================================================================
Received Import Request.
  Time since last request: 0.297478 seconds.
  path: Assets/__TRAPPED__/010_SCRIPTS/TestActionInput.cs
  artifactKey: Guid(49b5c66657c5ae24a9c3f88db1f16579) Importer(815301076,1909f56bfc062723c751e8b465ee728b)
Start importing Assets/__TRAPPED__/010_SCRIPTS/TestActionInput.cs using Guid(49b5c66657c5ae24a9c3f88db1f16579) Importer(815301076,1909f56bfc062723c751e8b465ee728b)  -> (artifact id: 'ab1234a8d962f510de2b48d8f10c84da') in 0.002091 seconds
  Import took 0.009429 seconds .

========================================================================
Received Import Request.
  Time since last request: 41.825084 seconds.
  path: Assets/__TRAPPED__/010_SCRIPTS/TestActionInput.cs
  artifactKey: Guid(49b5c66657c5ae24a9c3f88db1f16579) Importer(815301076,1909f56bfc062723c751e8b465ee728b)
Start importing Assets/__TRAPPED__/010_SCRIPTS/TestActionInput.cs using Guid(49b5c66657c5ae24a9c3f88db1f16579) Importer(815301076,1909f56bfc062723c751e8b465ee728b)  -> (artifact id: 'e55d61383b9bcf8fa8e25a5457bd9c40') in 0.001974 seconds
  Import took 0.007483 seconds .

========================================================================
Received Import Request.
  Time since last request: 0.041413 seconds.
  path: Assets/__TRAPPED__/010_SCRIPTS/TestActionInput.cs
  artifactKey: Guid(49b5c66657c5ae24a9c3f88db1f16579) Importer(815301076,1909f56bfc062723c751e8b465ee728b)
Start importing Assets/__TRAPPED__/010_SCRIPTS/TestActionInput.cs using Guid(49b5c66657c5ae24a9c3f88db1f16579) Importer(815301076,1909f56bfc062723c751e8b465ee728b)  -> (artifact id: 'e55d61383b9bcf8fa8e25a5457bd9c40') in 0.002021 seconds
  Import took 0.011536 seconds .

========================================================================
Received Prepare
Registering precompiled user dll's ...
Registered in 0.003619 seconds.
Begin MonoManager ReloadAssembly
Native extension for WindowsStandalone target not found
Native extension for WebGL target not found
Refreshing native plugins compatible for Editor in 1.22 ms, found 7 plugins.
Preloading 1 native plugins for Editor in 0.10 ms.
Warning: Annotation not found!
UnityEngine.StackTraceUtility:ExtractStackTrace ()
UnityEditor.ProBuilder.EditorUtility:SetGizmoIconEnabled (System.Type,bool) (at Library/PackageCache/com.unity.probuilder@4.4.0/Editor/EditorCore/EditorUtility.cs:593)
UnityEditor.ProBuilder.HierarchyListener:.cctor () (at Library/PackageCache/com.unity.probuilder@4.4.0/Editor/EditorCore/HierarchyListener.cs:21)
System.Runtime.CompilerServices.RuntimeHelpers:RunClassConstructor (System.RuntimeTypeHandle)
UnityEditor.EditorAssemblies:ProcessInitializeOnLoadAttributes (System.Type[])

[Library/PackageCache/com.unity.probuilder@4.4.0/Editor/EditorCore/EditorUtility.cs line 593]

Invoked RoslynAnalysisRunner static constructor.
RoslynAnalysisRunner will not be running.
RoslynAnalysisRunner has terminated.
NullReferenceException: Object reference not set to an instance of an object
  at Unity.XR.Oculus.OculusLoader.AssetPathToAbsolutePath (System.String assetPath) [0x00048] in E:\Unity Projects\VR\DEMO\Trapped\VR_Trapped_Demo\Library\PackageCache\com.unity.xr.oculus@1.6.1\Runtime\OculusLoader.cs:242 
  at Unity.XR.Oculus.OculusLoader.EditorLoadOVRPlugin () [0x0007b] in E:\Unity Projects\VR\DEMO\Trapped\VR_Trapped_Demo\Library\PackageCache\com.unity.xr.oculus@1.6.1\Runtime\OculusLoader.cs:227 

(Filename: Library/PackageCache/com.unity.xr.oculus@1.6.1/Runtime/OculusLoader.cs Line: 242)

Mono: successfully reloaded assembly
- Completed reload, in  1.398 seconds
Platform modules already initialized, skipping
Refreshing native plugins compatible for Editor in 0.97 ms, found 7 plugins.
Preloading 1 native plugins for Editor in 0.09 ms.
Unloading 2941 Unused Serialized files (Serialized files now loaded: 0)
System memory in use before: 123.3 MB.
System memory in use after: 123.5 MB.

Unloading 18 unused Assets to reduce memory usage. Loaded Objects now: 3501.
Total: 3.477300 ms (FindLiveObjects: 0.269400 ms CreateObjectMapping: 0.121800 ms MarkObjects: 2.995000 ms  DeleteObjects: 0.089900 ms)

AssetImportWorkerClient::OnTransportError - code=2 error=End of file
